#
# There is insufficient memory for the Java Runtime Environment to continue.
# Native memory allocation (malloc) failed to allocate 1007136 bytes for Chunk::new
# Possible reasons:
#   The system is out of physical RAM or swap space
#   In 32 bit mode, the process size limit was hit
# Possible solutions:
#   Reduce memory load on the system
#   Increase physical memory or swap space
#   Check if swap backing store is full
#   Use 64 bit Java on a 64 bit OS
#   Decrease Java heap size (-Xmx/-Xms)
#   Decrease number of Java threads
#   Decrease Java thread stack sizes (-Xss)
#   Set larger code cache with -XX:ReservedCodeCacheSize=
# This output file may be truncated or incomplete.
#
#  Out of Memory Error (allocation.cpp:390), pid=14740, tid=0x0000000000005494
#
# JRE version: Java(TM) SE Runtime Environment (8.0_152-b16) (build 1.8.0_152-b16)
# Java VM: Java HotSpot(TM) 64-Bit Server VM (25.152-b16 mixed mode windows-amd64 compressed oops)
# Failed to write core dump. Minidumps are not enabled by default on client versions of Windows
#

---------------  T H R E A D  ---------------

Current thread (0x0000000015034000):  JavaThread "C2 CompilerThread0" daemon [_thread_in_native, id=21652, stack(0x0000000016950000,0x0000000016a50000)]

Stack: [0x0000000016950000,0x0000000016a50000]
[error occurred during error reporting (printing stack bounds), id 0xc0000005]

Native frames: (J=compiled Java code, j=interpreted, Vv=VM code, C=native code)


Current CompileTask:
C2:  16929 2386   !   4       java.net.URLClassLoader$1::run (63 bytes)


---------------  P R O C E S S  ---------------

Java Threads: ( => current thread )
  0x000000001662c000 JavaThread "surefire-forkedjvm-ping-30s" daemon [_thread_blocked, id=14660, stack(0x0000000016f50000,0x0000000017050000)]
  0x00000000164ed000 JavaThread "surefire-forkedjvm-command-thread" daemon [_thread_in_native, id=6884, stack(0x0000000016e50000,0x0000000016f50000)]
  0x00000000163f8000 JavaThread "Service Thread" daemon [_thread_blocked, id=12712, stack(0x0000000016c50000,0x0000000016d50000)]
  0x0000000015045000 JavaThread "C1 CompilerThread2" daemon [_thread_in_native, id=23120, stack(0x0000000016b50000,0x0000000016c50000)]
  0x0000000015036000 JavaThread "C2 CompilerThread1" daemon [_thread_in_native, id=9712, stack(0x0000000016a50000,0x0000000016b50000)]
=>0x0000000015034000 JavaThread "C2 CompilerThread0" daemon [_thread_in_native, id=21652, stack(0x0000000016950000,0x0000000016a50000)]
  0x0000000015033000 JavaThread "Attach Listener" daemon [_thread_blocked, id=9316, stack(0x0000000016850000,0x0000000016950000)]
  0x0000000016393800 JavaThread "Signal Dispatcher" daemon [_thread_blocked, id=13068, stack(0x0000000016750000,0x0000000016850000)]
  0x0000000014ff0000 JavaThread "Finalizer" daemon [_thread_blocked, id=2932, stack(0x0000000016250000,0x0000000016350000)]
  0x0000000002929000 JavaThread "Reference Handler" daemon [_thread_blocked, id=17952, stack(0x0000000016150000,0x0000000016250000)]
  0x000000000283b000 JavaThread "main" [_thread_in_vm, id=10484, stack(0x0000000002730000,0x0000000002830000)]

Other Threads:
  0x0000000014fc7000 VMThread [stack: 0x0000000016050000,0x0000000016150000] [id=10784]
  0x0000000016466000 WatcherThread [stack: 0x0000000016d50000,0x0000000016e50000] [id=3908]

VM state:not at safepoint (normal execution)

VM Mutex/Monitor currently owned by a thread: None

Heap:
 PSYoungGen      total 66560K, used 46269K [0x00000000eab00000, 0x00000000f1e00000, 0x0000000100000000)
  eden space 57344K, 73% used [0x00000000eab00000,0x00000000ed408a10,0x00000000ee300000)
  from space 9216K, 46% used [0x00000000ee300000,0x00000000ee726d68,0x00000000eec00000)
  to   space 8704K, 0% used [0x00000000f1580000,0x00000000f1580000,0x00000000f1e00000)
 ParOldGen       total 46080K, used 5419K [0x00000000c0000000, 0x00000000c2d00000, 0x00000000eab00000)
  object space 46080K, 11% used [0x00000000c0000000,0x00000000c054ac78,0x00000000c2d00000)
 Metaspace       used 23850K, capacity 25472K, committed 25728K, reserved 1071104K
  class space    used 3097K, capacity 3408K, committed 3456K, reserved 1048576K

Card table byte_map: [0x0000000011cf0000,0x0000000011f00000] byte_map_base: 0x00000000116f0000

Marking Bits: (ParMarkBitMap*) 0x0000000063740860
 Begin Bits: [0x0000000012460000, 0x0000000013460000)
 End Bits:   [0x0000000013460000, 0x0000000014460000)

Polling page: 0x00000000001f0000

CodeCache: size=245760Kb used=8037Kb max_used=8037Kb free=237722Kb
 bounds [0x0000000002930000, 0x0000000003110000, 0x0000000011930000]
 total_blobs=2761 nmethods=2385 adapters=288
 compilation: enabled

Compilation events (10 events):
Event: 16.721 Thread 0x0000000015045000 2403       3       org.springframework.util.MultiValueMapAdapter::get (6 bytes)
Event: 16.721 Thread 0x0000000015045000 nmethod 2403 0x00000000030f4bd0 code [0x00000000030f4d40, 0x00000000030f4f48]
Event: 16.721 Thread 0x0000000015045000 2404       3       org.springframework.util.LinkedMultiValueMap::get (6 bytes)
Event: 16.721 Thread 0x0000000015045000 nmethod 2404 0x0000000003106090 code [0x0000000003106200, 0x0000000003106588]
Event: 16.722 Thread 0x0000000015045000 2405       3       java.util.ArrayDeque::pop (5 bytes)
Event: 16.722 Thread 0x0000000015045000 nmethod 2405 0x00000000031066d0 code [0x0000000003106860, 0x0000000003106c38]
Event: 16.736 Thread 0x0000000015045000 2406   !   3       org.springframework.beans.BeanUtils::instantiateClass (187 bytes)
Event: 16.738 Thread 0x0000000015045000 nmethod 2406 0x0000000003106d90 code [0x0000000003107040, 0x0000000003108338]
Event: 16.738 Thread 0x0000000015045000 2407       3       org.springframework.core.annotation.MergedAnnotation$Adapt::values (34 bytes)
Event: 16.739 Thread 0x0000000015045000 nmethod 2407 0x0000000003109210 code [0x00000000031093c0, 0x0000000003109a38]

GC Heap History (10 events):
Event: 9.141 GC heap before
{Heap before GC invocations=4 (full 0):
 PSYoungGen      total 36864K, used 36850K [0x00000000eab00000, 0x00000000ef300000, 0x0000000100000000)
  eden space 31744K, 100% used [0x00000000eab00000,0x00000000eca00000,0x00000000eca00000)
  from space 5120K, 99% used [0x00000000eca00000,0x00000000ecefc9e0,0x00000000ecf00000)
  to   space 5120K, 0% used [0x00000000eee00000,0x00000000eee00000,0x00000000ef300000)
 ParOldGen       total 84992K, used 1650K [0x00000000c0000000, 0x00000000c5300000, 0x00000000eab00000)
  object space 84992K, 1% used [0x00000000c0000000,0x00000000c019c800,0x00000000c5300000)
 Metaspace       used 19427K, capacity 20698K, committed 20992K, reserved 1067008K
  class space    used 2460K, capacity 2707K, committed 2816K, reserved 1048576K
Event: 9.153 GC heap after
Heap after GC invocations=4 (full 0):
 PSYoungGen      total 36864K, used 5114K [0x00000000eab00000, 0x00000000ef300000, 0x0000000100000000)
  eden space 31744K, 0% used [0x00000000eab00000,0x00000000eab00000,0x00000000eca00000)
  from space 5120K, 99% used [0x00000000eee00000,0x00000000ef2fe800,0x00000000ef300000)
  to   space 5120K, 0% used [0x00000000eca00000,0x00000000eca00000,0x00000000ecf00000)
 ParOldGen       total 84992K, used 4994K [0x00000000c0000000, 0x00000000c5300000, 0x00000000eab00000)
  object space 84992K, 5% used [0x00000000c0000000,0x00000000c04e0a60,0x00000000c5300000)
 Metaspace       used 19427K, capacity 20698K, committed 20992K, reserved 1067008K
  class space    used 2460K, capacity 2707K, committed 2816K, reserved 1048576K
}
Event: 9.270 GC heap before
{Heap before GC invocations=5 (full 0):
 PSYoungGen      total 36864K, used 10920K [0x00000000eab00000, 0x00000000ef300000, 0x0000000100000000)
  eden space 31744K, 18% used [0x00000000eab00000,0x00000000eb0abb90,0x00000000eca00000)
  from space 5120K, 99% used [0x00000000eee00000,0x00000000ef2fe800,0x00000000ef300000)
  to   space 5120K, 0% used [0x00000000eca00000,0x00000000eca00000,0x00000000ecf00000)
 ParOldGen       total 84992K, used 4994K [0x00000000c0000000, 0x00000000c5300000, 0x00000000eab00000)
  object space 84992K, 5% used [0x00000000c0000000,0x00000000c04e0a60,0x00000000c5300000)
 Metaspace       used 19939K, capacity 21234K, committed 21248K, reserved 1067008K
  class space    used 2547K, capacity 2813K, committed 2816K, reserved 1048576K
Event: 9.279 GC heap after
Heap after GC invocations=5 (full 0):
 PSYoungGen      total 36864K, used 5096K [0x00000000eab00000, 0x00000000efa00000, 0x0000000100000000)
  eden space 31744K, 0% used [0x00000000eab00000,0x00000000eab00000,0x00000000eca00000)
  from space 5120K, 99% used [0x00000000eca00000,0x00000000ecefa2e8,0x00000000ecf00000)
  to   space 8704K, 0% used [0x00000000ef180000,0x00000000ef180000,0x00000000efa00000)
 ParOldGen       total 84992K, used 5411K [0x00000000c0000000, 0x00000000c5300000, 0x00000000eab00000)
  object space 84992K, 6% used [0x00000000c0000000,0x00000000c0548ff8,0x00000000c5300000)
 Metaspace       used 19939K, capacity 21234K, committed 21248K, reserved 1067008K
  class space    used 2547K, capacity 2813K, committed 2816K, reserved 1048576K
}
Event: 9.279 GC heap before
{Heap before GC invocations=6 (full 1):
 PSYoungGen      total 36864K, used 5096K [0x00000000eab00000, 0x00000000efa00000, 0x0000000100000000)
  eden space 31744K, 0% used [0x00000000eab00000,0x00000000eab00000,0x00000000eca00000)
  from space 5120K, 99% used [0x00000000eca00000,0x00000000ecefa2e8,0x00000000ecf00000)
  to   space 8704K, 0% used [0x00000000ef180000,0x00000000ef180000,0x00000000efa00000)
 ParOldGen       total 84992K, used 5411K [0x00000000c0000000, 0x00000000c5300000, 0x00000000eab00000)
  object space 84992K, 6% used [0x00000000c0000000,0x00000000c0548ff8,0x00000000c5300000)
 Metaspace       used 19939K, capacity 21234K, committed 21248K, reserved 1067008K
  class space    used 2547K, capacity 2813K, committed 2816K, reserved 1048576K
Event: 9.325 GC heap after
Heap after GC invocations=6 (full 1):
 PSYoungGen      total 36864K, used 0K [0x00000000eab00000, 0x00000000efa00000, 0x0000000100000000)
  eden space 31744K, 0% used [0x00000000eab00000,0x00000000eab00000,0x00000000eca00000)
  from space 5120K, 0% used [0x00000000eca00000,0x00000000eca00000,0x00000000ecf00000)
  to   space 8704K, 0% used [0x00000000ef180000,0x00000000ef180000,0x00000000efa00000)
 ParOldGen       total 46080K, used 5403K [0x00000000c0000000, 0x00000000c2d00000, 0x00000000eab00000)
  object space 46080K, 11% used [0x00000000c0000000,0x00000000c0546c78,0x00000000c2d00000)
 Metaspace       used 19939K, capacity 21234K, committed 21248K, reserved 1067008K
  class space    used 2547K, capacity 2813K, committed 2816K, reserved 1048576K
}
Event: 15.789 GC heap before
{Heap before GC invocations=7 (full 1):
 PSYoungGen      total 36864K, used 31744K [0x00000000eab00000, 0x00000000efa00000, 0x0000000100000000)
  eden space 31744K, 100% used [0x00000000eab00000,0x00000000eca00000,0x00000000eca00000)
  from space 5120K, 0% used [0x00000000eca00000,0x00000000eca00000,0x00000000ecf00000)
  to   space 8704K, 0% used [0x00000000ef180000,0x00000000ef180000,0x00000000efa00000)
 ParOldGen       total 46080K, used 5403K [0x00000000c0000000, 0x00000000c2d00000, 0x00000000eab00000)
  object space 46080K, 11% used [0x00000000c0000000,0x00000000c0546c78,0x00000000c2d00000)
 Metaspace       used 22432K, capacity 23926K, committed 24064K, reserved 1071104K
  class space    used 2933K, capacity 3247K, committed 3328K, reserved 1048576K
Event: 15.794 GC heap after
Heap after GC invocations=7 (full 1):
 PSYoungGen      total 60416K, used 3379K [0x00000000eab00000, 0x00000000ef500000, 0x0000000100000000)
  eden space 56832K, 0% used [0x00000000eab00000,0x00000000eab00000,0x00000000ee280000)
  from space 3584K, 94% used [0x00000000ef180000,0x00000000ef4ccd20,0x00000000ef500000)
  to   space 9216K, 0% used [0x00000000ee300000,0x00000000ee300000,0x00000000eec00000)
 ParOldGen       total 46080K, used 5411K [0x00000000c0000000, 0x00000000c2d00000, 0x00000000eab00000)
  object space 46080K, 11% used [0x00000000c0000000,0x00000000c0548c78,0x00000000c2d00000)
 Metaspace       used 22432K, capacity 23926K, committed 24064K, reserved 1071104K
  class space    used 2933K, capacity 3247K, committed 3328K, reserved 1048576K
}
Event: 16.343 GC heap before
{Heap before GC invocations=8 (full 1):
 PSYoungGen      total 60416K, used 60211K [0x00000000eab00000, 0x00000000ef500000, 0x0000000100000000)
  eden space 56832K, 100% used [0x00000000eab00000,0x00000000ee280000,0x00000000ee280000)
  from space 3584K, 94% used [0x00000000ef180000,0x00000000ef4ccd20,0x00000000ef500000)
  to   space 9216K, 0% used [0x00000000ee300000,0x00000000ee300000,0x00000000eec00000)
 ParOldGen       total 46080K, used 5411K [0x00000000c0000000, 0x00000000c2d00000, 0x00000000eab00000)
  object space 46080K, 11% used [0x00000000c0000000,0x00000000c0548c78,0x00000000c2d00000)
 Metaspace       used 23686K, capacity 25308K, committed 25472K, reserved 1071104K
  class space    used 3085K, capacity 3404K, committed 3456K, reserved 1048576K
Event: 16.349 GC heap after
Heap after GC invocations=8 (full 1):
 PSYoungGen      total 66560K, used 4251K [0x00000000eab00000, 0x00000000f1e00000, 0x0000000100000000)
  eden space 57344K, 0% used [0x00000000eab00000,0x00000000eab00000,0x00000000ee300000)
  from space 9216K, 46% used [0x00000000ee300000,0x00000000ee726d68,0x00000000eec00000)
  to   space 8704K, 0% used [0x00000000f1580000,0x00000000f1580000,0x00000000f1e00000)
 ParOldGen       total 46080K, used 5419K [0x00000000c0000000, 0x00000000c2d00000, 0x00000000eab00000)
  object space 46080K, 11% used [0x00000000c0000000,0x00000000c054ac78,0x00000000c2d00000)
 Metaspace       used 23686K, capacity 25308K, committed 25472K, reserved 1071104K
  class space    used 3085K, capacity 3404K, committed 3456K, reserved 1048576K
}

Deoptimization events (10 events):
Event: 9.920 Thread 0x000000000283b000 Uncommon trap: reason=array_check action=maybe_recompile pc=0x0000000002f49140 method=java.util.AbstractCollection.toArray([Ljava/lang/Object;)[Ljava/lang/Object; @ 119
Event: 9.920 Thread 0x000000000283b000 Uncommon trap: reason=array_check action=maybe_recompile pc=0x0000000002f49140 method=java.util.AbstractCollection.toArray([Ljava/lang/Object;)[Ljava/lang/Object; @ 119
Event: 9.920 Thread 0x000000000283b000 Uncommon trap: reason=array_check action=maybe_recompile pc=0x0000000002f49140 method=java.util.AbstractCollection.toArray([Ljava/lang/Object;)[Ljava/lang/Object; @ 119
Event: 10.010 Thread 0x000000000283b000 Uncommon trap: reason=unstable_if action=reinterpret pc=0x0000000002ed5bf8 method=java.util.Arrays.equals([Ljava/lang/Object;[Ljava/lang/Object;)Z @ 65
Event: 15.844 Thread 0x000000000283b000 Uncommon trap: reason=unstable_if action=reinterpret pc=0x0000000002db13b4 method=java.net.URL.<init>(Ljava/net/URL;Ljava/lang/String;Ljava/net/URLStreamHandler;)V @ 347
Event: 15.893 Thread 0x000000000283b000 Uncommon trap: reason=unstable_if action=reinterpret pc=0x0000000002bf1fa0 method=java.util.HashMap.hash(Ljava/lang/Object;)I @ 1
Event: 15.985 Thread 0x000000000283b000 Uncommon trap: reason=unstable_if action=reinterpret pc=0x0000000002e07460 method=java.util.WeakHashMap.expungeStaleEntries()V @ 9
Event: 16.221 Thread 0x000000000283b000 Uncommon trap: reason=bimorphic action=maybe_recompile pc=0x0000000002f5dd14 method=java.util.HashMap.putVal(ILjava/lang/Object;Ljava/lang/Object;ZZ)Ljava/lang/Object; @ 203
Event: 16.257 Thread 0x000000000283b000 Uncommon trap: reason=bimorphic action=maybe_recompile pc=0x0000000002f5dd14 method=java.util.HashMap.putVal(ILjava/lang/Object;Ljava/lang/Object;ZZ)Ljava/lang/Object; @ 203
Event: 16.278 Thread 0x000000000283b000 Uncommon trap: reason=bimorphic action=maybe_recompile pc=0x0000000002f5dd14 method=java.util.HashMap.putVal(ILjava/lang/Object;Ljava/lang/Object;ZZ)Ljava/lang/Object; @ 203

Classes redefined (0 events):
No events

Internal exceptions (10 events):
Event: 15.945 Thread 0x000000000283b000 Exception <a 'java/lang/ClassNotFoundException': org/springframework/beans/factory/config/BeanFactoryPostProcessorCustomizer> (0x00000000eb201a20) thrown at [C:\re\workspace\8-2-build-windows-amd64-cygwin\jdk8u152\9742\hotspot\src\share\vm\classfile\syste
Event: 15.946 Thread 0x000000000283b000 Exception <a 'java/lang/ClassNotFoundException': org/springframework/core/PriorityOrderedCustomizer> (0x00000000eb21da78) thrown at [C:\re\workspace\8-2-build-windows-amd64-cygwin\jdk8u152\9742\hotspot\src\share\vm\classfile\systemDictionary.cpp, line 210
Event: 15.946 Thread 0x000000000283b000 Exception <a 'java/lang/ClassNotFoundException': org/springframework/core/OrderedCustomizer> (0x00000000eb236008) thrown at [C:\re\workspace\8-2-build-windows-amd64-cygwin\jdk8u152\9742\hotspot\src\share\vm\classfile\systemDictionary.cpp, line 210]
Event: 15.947 Thread 0x000000000283b000 Exception <a 'java/lang/ClassNotFoundException': org/springframework/context/ResourceLoaderAwareCustomizer> (0x00000000eb254ae8) thrown at [C:\re\workspace\8-2-build-windows-amd64-cygwin\jdk8u152\9742\hotspot\src\share\vm\classfile\systemDictionary.cpp, l
Event: 15.948 Thread 0x000000000283b000 Exception <a 'java/lang/ClassNotFoundException': org/springframework/beans/factory/AwareCustomizer> (0x00000000eb270e60) thrown at [C:\re\workspace\8-2-build-windows-amd64-cygwin\jdk8u152\9742\hotspot\src\share\vm\classfile\systemDictionary.cpp, line 210]
Event: 15.948 Thread 0x000000000283b000 Exception <a 'java/lang/ClassNotFoundException': org/springframework/beans/factory/BeanClassLoaderAwareCustomizer> (0x00000000eb291820) thrown at [C:\re\workspace\8-2-build-windows-amd64-cygwin\jdk8u152\9742\hotspot\src\share\vm\classfile\systemDictionary
Event: 15.949 Thread 0x000000000283b000 Exception <a 'java/lang/ClassNotFoundException': org/springframework/beans/factory/AwareCustomizer> (0x00000000eb2adbb8) thrown at [C:\re\workspace\8-2-build-windows-amd64-cygwin\jdk8u152\9742\hotspot\src\share\vm\classfile\systemDictionary.cpp, line 210]
Event: 15.949 Thread 0x000000000283b000 Exception <a 'java/lang/ClassNotFoundException': org/springframework/context/EnvironmentAwareCustomizer> (0x00000000eb2caa30) thrown at [C:\re\workspace\8-2-build-windows-amd64-cygwin\jdk8u152\9742\hotspot\src\share\vm\classfile\systemDictionary.cpp, line
Event: 15.949 Thread 0x000000000283b000 Exception <a 'java/lang/ClassNotFoundException': org/springframework/beans/factory/AwareCustomizer> (0x00000000eb2e6ca8) thrown at [C:\re\workspace\8-2-build-windows-amd64-cygwin\jdk8u152\9742\hotspot\src\share\vm\classfile\systemDictionary.cpp, line 210]
Event: 16.131 Thread 0x000000000283b000 Exception <a 'java/lang/IncompatibleClassChangeError': Found class java.lang.Object, but interface was expected> (0x00000000ebeabd88) thrown at [C:\re\workspace\8-2-build-windows-amd64-cygwin\jdk8u152\9742\hotspot\src\share\vm\interpreter\linkResolver.cpp

Events (10 events):
Event: 16.720 loading class org/springframework/http/client/support/AsyncHttpAccessor
Event: 16.720 loading class org/springframework/http/client/support/AsyncHttpAccessor done
Event: 16.721 loading class com/netflix/client/IClient
Event: 16.721 loading class com/netflix/client/IClient done
Event: 16.722 Thread 0x00000000192fd000 Thread added: 0x00000000192fd000
Event: 16.722 Thread 0x0000000017fc4800 Thread exited: 0x0000000017fc4800
Event: 16.730 Thread 0x0000000017fc4800 Thread added: 0x0000000017fc4800
Event: 16.730 Thread 0x00000000192fd000 Thread exited: 0x00000000192fd000
Event: 16.737 Thread 0x0000000019710000 Thread added: 0x0000000019710000
Event: 16.739 Thread 0x0000000017fc4800 Thread exited: 0x0000000017fc4800


Dynamic libraries:
0x00007ff60fa20000 - 0x00007ff60fa57000 	D:\Program Files (x86)\Java\jdk1.8.0_152\jre\bin\java.exe
0x00007ff8136a0000 - 0x00007ff813890000 	C:\WINDOWS\SYSTEM32\ntdll.dll
0x00007ff8118d0000 - 0x00007ff811982000 	C:\WINDOWS\System32\KERNEL32.DLL
0x00007ff810630000 - 0x00007ff8108d4000 	C:\WINDOWS\System32\KERNELBASE.dll
0x00007ff813300000 - 0x00007ff8133a3000 	C:\WINDOWS\System32\ADVAPI32.dll
0x00007ff811790000 - 0x00007ff81182e000 	C:\WINDOWS\System32\msvcrt.dll
0x00007ff811830000 - 0x00007ff8118c7000 	C:\WINDOWS\System32\sechost.dll
0x00007ff812120000 - 0x00007ff812240000 	C:\WINDOWS\System32\RPCRT4.dll
0x00007ff812520000 - 0x00007ff8126b4000 	C:\WINDOWS\System32\USER32.dll
0x00007ff810a80000 - 0x00007ff810aa1000 	C:\WINDOWS\System32\win32u.dll
0x00007ff812440000 - 0x00007ff812466000 	C:\WINDOWS\System32\GDI32.dll
0x00007ff8108e0000 - 0x00007ff810a75000 	C:\WINDOWS\System32\gdi32full.dll
0x00007ff810ab0000 - 0x00007ff810b4e000 	C:\WINDOWS\System32\msvcp_win.dll
0x00007ff810b50000 - 0x00007ff810c4a000 	C:\WINDOWS\System32\ucrtbase.dll
0x00007ffffd7e0000 - 0x00007ffffda64000 	C:\WINDOWS\WinSxS\amd64_microsoft.windows.common-controls_6595b64144ccf1df_6.0.18362.900_none_e6beb9d913147d17\COMCTL32.dll
0x00007ff811a70000 - 0x00007ff811da5000 	C:\WINDOWS\System32\combase.dll
0x00007ff810d00000 - 0x00007ff810d80000 	C:\WINDOWS\System32\bcryptPrimitives.dll
0x00007ff811750000 - 0x00007ff81177e000 	C:\WINDOWS\System32\IMM32.DLL
0x0000000064de0000 - 0x0000000064eb2000 	D:\Program Files (x86)\Java\jdk1.8.0_152\jre\bin\msvcr100.dll
0x0000000062f20000 - 0x00000000637c0000 	D:\Program Files (x86)\Java\jdk1.8.0_152\jre\bin\server\jvm.dll
0x00007ff811780000 - 0x00007ff811788000 	C:\WINDOWS\System32\PSAPI.DLL
0x00007ff80d7d0000 - 0x00007ff80d7f4000 	C:\WINDOWS\SYSTEM32\WINMM.dll
0x00007ff80cec0000 - 0x00007ff80cec9000 	C:\WINDOWS\SYSTEM32\WSOCK32.dll
0x00007ff801d10000 - 0x00007ff801d1a000 	C:\WINDOWS\SYSTEM32\VERSION.dll
0x00007ff812b30000 - 0x00007ff812b9f000 	C:\WINDOWS\System32\WS2_32.dll
0x00007ff80d7a0000 - 0x00007ff80d7cd000 	C:\WINDOWS\SYSTEM32\winmmbase.dll
0x00007ff810d80000 - 0x00007ff810dca000 	C:\WINDOWS\System32\cfgmgr32.dll
0x0000000064dd0000 - 0x0000000064ddf000 	D:\Program Files (x86)\Java\jdk1.8.0_152\jre\bin\verify.dll
0x0000000064da0000 - 0x0000000064dc9000 	D:\Program Files (x86)\Java\jdk1.8.0_152\jre\bin\java.dll
0x0000000064d80000 - 0x0000000064d96000 	D:\Program Files (x86)\Java\jdk1.8.0_152\jre\bin\zip.dll
0x00007ff812ba0000 - 0x00007ff813286000 	C:\WINDOWS\System32\SHELL32.dll
0x00007ff812240000 - 0x00007ff8122e9000 	C:\WINDOWS\System32\shcore.dll
0x00007ff810dd0000 - 0x00007ff811550000 	C:\WINDOWS\System32\windows.storage.dll
0x00007ff8105e0000 - 0x00007ff810603000 	C:\WINDOWS\System32\profapi.dll
0x00007ff810590000 - 0x00007ff8105da000 	C:\WINDOWS\System32\powrprof.dll
0x00007ff810560000 - 0x00007ff810570000 	C:\WINDOWS\System32\UMPDC.dll
0x00007ff811db0000 - 0x00007ff811e02000 	C:\WINDOWS\System32\shlwapi.dll
0x00007ff810570000 - 0x00007ff810581000 	C:\WINDOWS\System32\kernel.appcore.dll
0x00007ff811730000 - 0x00007ff811747000 	C:\WINDOWS\System32\cryptsp.dll
0x0000000064d00000 - 0x0000000064d0d000 	D:\Program Files (x86)\Java\jdk1.8.0_152\jre\bin\management.dll
0x0000000064d60000 - 0x0000000064d7a000 	D:\Program Files (x86)\Java\jdk1.8.0_152\jre\bin\net.dll
0x00007ff80fdd0000 - 0x00007ff80fe37000 	C:\WINDOWS\system32\mswsock.dll
0x0000000064d40000 - 0x0000000064d51000 	D:\Program Files (x86)\Java\jdk1.8.0_152\jre\bin\nio.dll
0x00007ff80fae0000 - 0x00007ff80fb1a000 	C:\WINDOWS\SYSTEM32\IPHLPAPI.DLL
0x00007ff811a60000 - 0x00007ff811a68000 	C:\WINDOWS\System32\NSI.dll
0x00007ff805f50000 - 0x00007ff805f66000 	C:\WINDOWS\SYSTEM32\dhcpcsvc6.DLL
0x00007ff8060b0000 - 0x00007ff8060cc000 	C:\WINDOWS\SYSTEM32\dhcpcsvc.DLL
0x00007ff80fb70000 - 0x00007ff80fc3b000 	C:\WINDOWS\SYSTEM32\DNSAPI.dll
0x00007ff801540000 - 0x00007ff80154a000 	C:\Windows\System32\rasadhlp.dll
0x00007ff805d70000 - 0x00007ff805de7000 	C:\WINDOWS\System32\fwpuclnt.dll
0x00007ff811550000 - 0x00007ff811576000 	C:\WINDOWS\System32\bcrypt.dll
0x00007fffffb90000 - 0x00007fffffba6000 	C:\WINDOWS\system32\napinsp.dll
0x00007fffffb70000 - 0x00007fffffb8a000 	C:\WINDOWS\system32\pnrpnsp.dll
0x00007fffffb60000 - 0x00007fffffb6e000 	C:\WINDOWS\System32\winrnr.dll
0x00007ff80cc70000 - 0x00007ff80cc8c000 	C:\WINDOWS\system32\NLAapi.dll
0x00007ff8099b0000 - 0x00007ff8099c5000 	C:\WINDOWS\system32\wshbth.dll

VM Arguments:
jvm_args: -Xmx1024m 
java_command: org.apache.maven.surefire.booter.ForkedBooter C:\Users\mathartsys\AppData\Local\Temp\surefire4014165551711117027 2020-06-20T13-26-08_768-jvmRun1 surefire1239464162151222321tmp surefire_05160525798217774515tmp
java_class_path (initial): D:\Program Files (x86)\Java\repository\org\apache\maven\surefire\surefire-booter\2.22.2\surefire-booter-2.22.2.jar;D:\Program Files (x86)\Java\repository\org\apache\maven\surefire\surefire-api\2.22.2\surefire-api-2.22.2.jar;D:\Program Files (x86)\Java\repository\org\apache\maven\surefire\surefire-logger-api\2.22.2\surefire-logger-api-2.22.2.jar;D:\workspace\springcloud-case\springbootfeign\target\test-classes;D:\workspace\springcloud-case\springbootfeign\target\classes;D:\Program Files (x86)\Java\repository\org\springframework\cloud\spring-cloud-starter-openfeign\2.2.3.RELEASE\spring-cloud-starter-openfeign-2.2.3.RELEASE.jar;D:\Program Files (x86)\Java\repository\org\springframework\cloud\spring-cloud-starter\2.2.3.RELEASE\spring-cloud-starter-2.2.3.RELEASE.jar;D:\Program Files (x86)\Java\repository\org\springframework\cloud\spring-cloud-context\2.2.3.RELEASE\spring-cloud-context-2.2.3.RELEASE.jar;D:\Program Files (x86)\Java\repository\org\springframework\security\spring-security-rsa\1.0.9.RELEASE\spring-security-rsa-1.0.9.RELEASE.jar;D:\Program Files (x86)\Java\repository\org\bouncycastle\bcpkix-jdk15on\1.64\bcpkix-jdk15on-1.64.jar;D:\Program Files (x86)\Java\repository\org\bouncycastle\bcprov-jdk15on\1.64\bcprov-jdk15on-1.64.jar;D:\Program Files (x86)\Java\repository\org\springframework\cloud\spring-cloud-openfeign-core\2.2.3.RELEASE\spring-cloud-openfeign-core-2.2.3.RELEASE.jar;D:\Program Files (x86)\Java\repository\org\springframework\boot\spring-boot-autoconfigure\2.3.1.RELEASE\spring-boot-autoconfigure-2.3.1.RELEASE.jar;D:\Program Files (x86)\Java\repository\org\springframework\boot\spring-boot-starter-aop\2.3.1.RELEASE\spring-boot-starter-aop-2.3.1.RELEASE.jar;D:\Program Files (x86)\Java\repository\io\github\openfeign\form\feign-form-spring\3.8.0\feign-form-spring-3.8.0.jar;D:\Program Files (x86)\Java\repository\io\github\openfeign\form\feign-form\3.8.0\feign-form-3.8.0.jar;D:\Program Files (x86)\Java\repository\commons-fileupload
Launcher Type: SUN_STANDARD

Environment Variables:
JAVA_HOME=D:\Program Files (x86)\Java\jdk1.8.0_152
PATH=D:\Program Files\Python;D:\Program Files\Python\Scripts;C:\WINDOWS\system32;C:\WINDOWS;C:\WINDOWS\System32\Wbem;C:\WINDOWS\System32\WindowsPowerShell\v1.0\;D:\Program Files (x86)\Java\jdk1.8.0_152\bin;D:\Program Files (x86)\Java\jdk1.8.0_152\jre\bin;D:\Program Files (x86)\apache-maven-3.2.1\bin;d:\Program Files\Git\cmd;C:\WINDOWS\System32\OpenSSH\;C:\Program Files\MySQL\MySQL Utilities 1.6\;D:\Program Files\Redis\;D:\Program Files\nodejs\;D:\Program Files\nodejs\node_global\;D:\Program Files\MinGW\bin;D:\Program Files\CMake\bin;D:\Program Files\Cbc\bin;C:\Users\mathartsys\AppData\Local\Microsoft\WindowsApps;C:\Users\mathartsys\AppData\Roaming\npm
USERNAME=mathartsys
OS=Windows_NT
PROCESSOR_IDENTIFIER=Intel64 Family 6 Model 69 Stepping 1, GenuineIntel



---------------  S Y S T E M  ---------------

OS: Windows 10.0 , 64 bit Build 18362 (10.0.18362.900)

CPU:total 4 (initial active 4) (2 cores per cpu, 2 threads per core) family 6 model 69 stepping 1, cmov, cx8, fxsr, mmx, sse, sse2, sse3, ssse3, sse4.1, sse4.2, popcnt, avx, avx2, aes, clmul, erms, lzcnt, ht, tsc, tscinvbit, bmi1, bmi2

Memory: 4k page, physical 8122608k(833592k free), swap 15346668k(1996k free)

vm_info: Java HotSpot(TM) 64-Bit Server VM (25.152-b16) for windows-amd64 JRE (1.8.0_152-b16), built on Sep 14 2017 02:29:36 by "java_re" with MS VC++ 10.0 (VS2010)

time: Sat Jun 20 13:26:29 2020
elapsed time: 16 seconds (0d 0h 0m 16s)

