#
# There is insufficient memory for the Java Runtime Environment to continue.
# Native memory allocation (malloc) failed to allocate 977376 bytes for Chunk::new
# Possible reasons:
#   The system is out of physical RAM or swap space
#   In 32 bit mode, the process size limit was hit
# Possible solutions:
#   Reduce memory load on the system
#   Increase physical memory or swap space
#   Check if swap backing store is full
#   Use 64 bit Java on a 64 bit OS
#   Decrease Java heap size (-Xmx/-Xms)
#   Decrease number of Java threads
#   Decrease Java thread stack sizes (-Xss)
#   Set larger code cache with -XX:ReservedCodeCacheSize=
# This output file may be truncated or incomplete.
#
#  Out of Memory Error (allocation.cpp:390), pid=15048, tid=0x0000000000005ea4
#
# JRE version: Java(TM) SE Runtime Environment (8.0_152-b16) (build 1.8.0_152-b16)
# Java VM: Java HotSpot(TM) 64-Bit Server VM (25.152-b16 mixed mode windows-amd64 compressed oops)
# Failed to write core dump. Minidumps are not enabled by default on client versions of Windows
#

---------------  T H R E A D  ---------------

Current thread (0x0000000017e24000):  JavaThread "C2 CompilerThread0" daemon [_thread_in_native, id=24228, stack(0x0000000019750000,0x0000000019850000)]

Stack: [0x0000000019750000,0x0000000019850000]
[error occurred during error reporting (printing stack bounds), id 0xc0000005]

Native frames: (J=compiled Java code, j=interpreted, Vv=VM code, C=native code)


Current CompileTask:
C2:  15762 2394   !   4       java.net.URLClassLoader$1::run (63 bytes)


---------------  P R O C E S S  ---------------

Java Threads: ( => current thread )
  0x0000000019475800 JavaThread "surefire-forkedjvm-ping-30s" daemon [_thread_blocked, id=13216, stack(0x0000000019d50000,0x0000000019e50000)]
  0x00000000192d2000 JavaThread "surefire-forkedjvm-command-thread" daemon [_thread_in_native, id=20368, stack(0x0000000019c50000,0x0000000019d50000)]
  0x00000000191f1000 JavaThread "Service Thread" daemon [_thread_blocked, id=21408, stack(0x0000000019a50000,0x0000000019b50000)]
  0x0000000017e32000 JavaThread "C1 CompilerThread2" daemon [_thread_in_native, id=3044, stack(0x0000000019950000,0x0000000019a50000)]
  0x0000000017e25800 JavaThread "C2 CompilerThread1" daemon [_thread_in_native, id=18244, stack(0x0000000019850000,0x0000000019950000)]
=>0x0000000017e24000 JavaThread "C2 CompilerThread0" daemon [_thread_in_native, id=24228, stack(0x0000000019750000,0x0000000019850000)]
  0x0000000017e23000 JavaThread "Attach Listener" daemon [_thread_blocked, id=19368, stack(0x0000000019650000,0x0000000019750000)]
  0x0000000017e0f000 JavaThread "Signal Dispatcher" daemon [_thread_blocked, id=23464, stack(0x0000000019550000,0x0000000019650000)]
  0x0000000017de0000 JavaThread "Finalizer" daemon [_thread_blocked, id=23352, stack(0x0000000019050000,0x0000000019150000)]
  0x0000000003419000 JavaThread "Reference Handler" daemon [_thread_blocked, id=21012, stack(0x0000000018f50000,0x0000000019050000)]
  0x000000000332a800 JavaThread "main" [_thread_in_vm, id=20312, stack(0x0000000003220000,0x0000000003320000)]

Other Threads:
  0x0000000017db7000 VMThread [stack: 0x0000000018e50000,0x0000000018f50000] [id=21804]
  0x0000000019261000 WatcherThread [stack: 0x0000000019b50000,0x0000000019c50000] [id=19120]

VM state:not at safepoint (normal execution)

VM Mutex/Monitor currently owned by a thread:  ([mutex/lock_event])
[0x00000000033284e0] CompiledIC_lock - owner thread: 0x0000000000000000

Heap:
 PSYoungGen      total 133632K, used 41838K [0x00000000d6b00000, 0x00000000e5080000, 0x0000000100000000)
  eden space 125440K, 30% used [0x00000000d6b00000,0x00000000d9028a88,0x00000000de580000)
  from space 8192K, 46% used [0x00000000de580000,0x00000000de933108,0x00000000ded80000)
  to   space 8704K, 0% used [0x00000000e4800000,0x00000000e4800000,0x00000000e5080000)
 ParOldGen       total 44544K, used 5414K [0x0000000084000000, 0x0000000086b80000, 0x00000000d6b00000)
  object space 44544K, 12% used [0x0000000084000000,0x0000000084549b90,0x0000000086b80000)
 Metaspace       used 24206K, capacity 25798K, committed 25984K, reserved 1071104K
  class space    used 3148K, capacity 3445K, committed 3456K, reserved 1048576K

Card table byte_map: [0x00000000127e0000,0x0000000012bd0000] byte_map_base: 0x00000000123c0000

Marking Bits: (ParMarkBitMap*) 0x0000000063740860
 Begin Bits: [0x0000000013270000, 0x0000000015170000)
 End Bits:   [0x0000000015170000, 0x0000000017070000)

Polling page: 0x00000000014d0000

CodeCache: size=245760Kb used=8316Kb max_used=8352Kb free=237443Kb
 bounds [0x0000000003420000, 0x0000000003c60000, 0x0000000012420000]
 total_blobs=2860 nmethods=2484 adapters=288
 compilation: enabled

Compilation events (10 events):
Event: 15.737 Thread 0x0000000017e32000 nmethod 2506 0x00000000035a98d0 code [0x00000000035a9a20, 0x00000000035a9b50]
Event: 15.738 Thread 0x0000000017e32000 2507       1       org.springframework.beans.factory.support.DefaultListableBeanFactory::isConfigurationFrozen (5 bytes)
Event: 15.738 Thread 0x0000000017e32000 nmethod 2507 0x000000000352c7d0 code [0x000000000352c920, 0x000000000352ca30]
Event: 15.742 Thread 0x0000000017e32000 2509       3       org.springframework.boot.autoconfigure.condition.ConditionMessage$Style::applyTo (50 bytes)
Event: 15.744 Thread 0x0000000017e32000 nmethod 2509 0x0000000003c49610 code [0x0000000003c49840, 0x0000000003c4a3e8]
Event: 15.751 Thread 0x0000000017e32000 2511       1       org.springframework.beans.factory.support.AbstractBeanDefinition::isAutowireCandidate (5 bytes)
Event: 15.751 Thread 0x0000000017e32000 nmethod 2511 0x000000000353b450 code [0x000000000353b5a0, 0x000000000353b6b0]
Event: 15.756 Thread 0x0000000017e32000 2512       3       org.springframework.util.StringUtils::collectionToDelimitedString (10 bytes)
Event: 15.757 Thread 0x0000000017e32000 nmethod 2512 0x0000000003548dd0 code [0x0000000003548f40, 0x00000000035490a8]
Event: 15.757 Thread 0x0000000017e32000 2513       3       org.springframework.util.StringUtils::collectionToDelimitedString (84 bytes)

GC Heap History (10 events):
Event: 8.238 GC heap before
{Heap before GC invocations=4 (full 0):
 PSYoungGen      total 36864K, used 36848K [0x00000000d6b00000, 0x00000000db300000, 0x0000000100000000)
  eden space 31744K, 100% used [0x00000000d6b00000,0x00000000d8a00000,0x00000000d8a00000)
  from space 5120K, 99% used [0x00000000d8a00000,0x00000000d8efc340,0x00000000d8f00000)
  to   space 5120K, 0% used [0x00000000dae00000,0x00000000dae00000,0x00000000db300000)
 ParOldGen       total 84992K, used 1602K [0x0000000084000000, 0x0000000089300000, 0x00000000d6b00000)
  object space 84992K, 1% used [0x0000000084000000,0x0000000084190830,0x0000000089300000)
 Metaspace       used 19422K, capacity 20702K, committed 20992K, reserved 1067008K
  class space    used 2456K, capacity 2707K, committed 2816K, reserved 1048576K
Event: 8.250 GC heap after
Heap after GC invocations=4 (full 0):
 PSYoungGen      total 68608K, used 5118K [0x00000000d6b00000, 0x00000000db300000, 0x0000000100000000)
  eden space 63488K, 0% used [0x00000000d6b00000,0x00000000d6b00000,0x00000000da900000)
  from space 5120K, 99% used [0x00000000dae00000,0x00000000db2ffbc8,0x00000000db300000)
  to   space 5120K, 0% used [0x00000000da900000,0x00000000da900000,0x00000000dae00000)
 ParOldGen       total 84992K, used 4890K [0x0000000084000000, 0x0000000089300000, 0x00000000d6b00000)
  object space 84992K, 5% used [0x0000000084000000,0x00000000844c69c8,0x0000000089300000)
 Metaspace       used 19422K, capacity 20702K, committed 20992K, reserved 1067008K
  class space    used 2456K, capacity 2707K, committed 2816K, reserved 1048576K
}
Event: 8.355 GC heap before
{Heap before GC invocations=5 (full 0):
 PSYoungGen      total 68608K, used 11561K [0x00000000d6b00000, 0x00000000db300000, 0x0000000100000000)
  eden space 63488K, 10% used [0x00000000d6b00000,0x00000000d714a980,0x00000000da900000)
  from space 5120K, 99% used [0x00000000dae00000,0x00000000db2ffbc8,0x00000000db300000)
  to   space 5120K, 0% used [0x00000000da900000,0x00000000da900000,0x00000000dae00000)
 ParOldGen       total 84992K, used 4890K [0x0000000084000000, 0x0000000089300000, 0x00000000d6b00000)
  object space 84992K, 5% used [0x0000000084000000,0x00000000844c69c8,0x0000000089300000)
 Metaspace       used 19940K, capacity 21238K, committed 21248K, reserved 1067008K
  class space    used 2547K, capacity 2813K, committed 2816K, reserved 1048576K
Event: 8.370 GC heap after
Heap after GC invocations=5 (full 0):
 PSYoungGen      total 68608K, used 5098K [0x00000000d6b00000, 0x00000000df800000, 0x0000000100000000)
  eden space 63488K, 0% used [0x00000000d6b00000,0x00000000d6b00000,0x00000000da900000)
  from space 5120K, 99% used [0x00000000da900000,0x00000000dadfa900,0x00000000dae00000)
  to   space 8704K, 0% used [0x00000000def80000,0x00000000def80000,0x00000000df800000)
 ParOldGen       total 84992K, used 5307K [0x0000000084000000, 0x0000000089300000, 0x00000000d6b00000)
  object space 84992K, 6% used [0x0000000084000000,0x000000008452ecb8,0x0000000089300000)
 Metaspace       used 19940K, capacity 21238K, committed 21248K, reserved 1067008K
  class space    used 2547K, capacity 2813K, committed 2816K, reserved 1048576K
}
Event: 8.370 GC heap before
{Heap before GC invocations=6 (full 1):
 PSYoungGen      total 68608K, used 5098K [0x00000000d6b00000, 0x00000000df800000, 0x0000000100000000)
  eden space 63488K, 0% used [0x00000000d6b00000,0x00000000d6b00000,0x00000000da900000)
  from space 5120K, 99% used [0x00000000da900000,0x00000000dadfa900,0x00000000dae00000)
  to   space 8704K, 0% used [0x00000000def80000,0x00000000def80000,0x00000000df800000)
 ParOldGen       total 84992K, used 5307K [0x0000000084000000, 0x0000000089300000, 0x00000000d6b00000)
  object space 84992K, 6% used [0x0000000084000000,0x000000008452ecb8,0x0000000089300000)
 Metaspace       used 19940K, capacity 21238K, committed 21248K, reserved 1067008K
  class space    used 2547K, capacity 2813K, committed 2816K, reserved 1048576K
Event: 8.413 GC heap after
Heap after GC invocations=6 (full 1):
 PSYoungGen      total 68608K, used 0K [0x00000000d6b00000, 0x00000000df800000, 0x0000000100000000)
  eden space 63488K, 0% used [0x00000000d6b00000,0x00000000d6b00000,0x00000000da900000)
  from space 5120K, 0% used [0x00000000da900000,0x00000000da900000,0x00000000dae00000)
  to   space 8704K, 0% used [0x00000000def80000,0x00000000def80000,0x00000000df800000)
 ParOldGen       total 44544K, used 5406K [0x0000000084000000, 0x0000000086b80000, 0x00000000d6b00000)
  object space 44544K, 12% used [0x0000000084000000,0x0000000084547b90,0x0000000086b80000)
 Metaspace       used 19940K, capacity 21238K, committed 21248K, reserved 1067008K
  class space    used 2547K, capacity 2813K, committed 2816K, reserved 1048576K
}
Event: 15.236 GC heap before
{Heap before GC invocations=7 (full 1):
 PSYoungGen      total 68608K, used 63488K [0x00000000d6b00000, 0x00000000df800000, 0x0000000100000000)
  eden space 63488K, 100% used [0x00000000d6b00000,0x00000000da900000,0x00000000da900000)
  from space 5120K, 0% used [0x00000000da900000,0x00000000da900000,0x00000000dae00000)
  to   space 8704K, 0% used [0x00000000def80000,0x00000000def80000,0x00000000df800000)
 ParOldGen       total 44544K, used 5406K [0x0000000084000000, 0x0000000086b80000, 0x00000000d6b00000)
  object space 44544K, 12% used [0x0000000084000000,0x0000000084547b90,0x0000000086b80000)
 Metaspace       used 23373K, capacity 24928K, committed 25216K, reserved 1071104K
  class space    used 3049K, capacity 3332K, committed 3456K, reserved 1048576K
Event: 15.245 GC heap after
Heap after GC invocations=7 (full 1):
 PSYoungGen      total 123904K, used 5727K [0x00000000d6b00000, 0x00000000df580000, 0x0000000100000000)
  eden space 117760K, 0% used [0x00000000d6b00000,0x00000000d6b00000,0x00000000dde00000)
  from space 6144K, 93% used [0x00000000def80000,0x00000000df517f88,0x00000000df580000)
  to   space 8192K, 0% used [0x00000000de580000,0x00000000de580000,0x00000000ded80000)
 ParOldGen       total 44544K, used 5414K [0x0000000084000000, 0x0000000086b80000, 0x00000000d6b00000)
  object space 44544K, 12% used [0x0000000084000000,0x0000000084549b90,0x0000000086b80000)
 Metaspace       used 23373K, capacity 24928K, committed 25216K, reserved 1071104K
  class space    used 3049K, capacity 3332K, committed 3456K, reserved 1048576K
}
Event: 15.586 GC heap before
{Heap before GC invocations=8 (full 1):
 PSYoungGen      total 123904K, used 123487K [0x00000000d6b00000, 0x00000000df580000, 0x0000000100000000)
  eden space 117760K, 100% used [0x00000000d6b00000,0x00000000dde00000,0x00000000dde00000)
  from space 6144K, 93% used [0x00000000def80000,0x00000000df517f88,0x00000000df580000)
  to   space 8192K, 0% used [0x00000000de580000,0x00000000de580000,0x00000000ded80000)
 ParOldGen       total 44544K, used 5414K [0x0000000084000000, 0x0000000086b80000, 0x00000000d6b00000)
  object space 44544K, 12% used [0x0000000084000000,0x0000000084549b90,0x0000000086b80000)
 Metaspace       used 23831K, capacity 25472K, committed 25728K, reserved 1071104K
  class space    used 3098K, capacity 3408K, committed 3456K, reserved 1048576K
Event: 15.596 GC heap after
Heap after GC invocations=8 (full 1):
 PSYoungGen      total 133632K, used 3788K [0x00000000d6b00000, 0x00000000e5080000, 0x0000000100000000)
  eden space 125440K, 0% used [0x00000000d6b00000,0x00000000d6b00000,0x00000000de580000)
  from space 8192K, 46% used [0x00000000de580000,0x00000000de933108,0x00000000ded80000)
  to   space 8704K, 0% used [0x00000000e4800000,0x00000000e4800000,0x00000000e5080000)
 ParOldGen       total 44544K, used 5414K [0x0000000084000000, 0x0000000086b80000, 0x00000000d6b00000)
  object space 44544K, 12% used [0x0000000084000000,0x0000000084549b90,0x0000000086b80000)
 Metaspace       used 23831K, capacity 25472K, committed 25728K, reserved 1071104K
  class space    used 3098K, capacity 3408K, committed 3456K, reserved 1048576K
}

Deoptimization events (10 events):
Event: 8.746 Thread 0x000000000332a800 Uncommon trap: reason=predicate action=maybe_recompile pc=0x00000000039e7ecc method=java.util.AbstractCollection.toArray([Ljava/lang/Object;)[Ljava/lang/Object; @ 49
Event: 8.920 Thread 0x000000000332a800 Uncommon trap: reason=unstable_if action=reinterpret pc=0x00000000039e4378 method=java.util.Arrays.equals([Ljava/lang/Object;[Ljava/lang/Object;)Z @ 65
Event: 14.805 Thread 0x000000000332a800 Uncommon trap: reason=unstable_if action=reinterpret pc=0x00000000038c6474 method=java.net.URL.<init>(Ljava/net/URL;Ljava/lang/String;Ljava/net/URLStreamHandler;)V @ 347
Event: 14.840 Thread 0x000000000332a800 Uncommon trap: reason=unstable_if action=reinterpret pc=0x00000000036e60a0 method=java.util.HashMap.hash(Ljava/lang/Object;)I @ 1
Event: 15.225 Thread 0x000000000332a800 Uncommon trap: reason=bimorphic action=maybe_recompile pc=0x0000000003a44154 method=java.util.HashMap.putVal(ILjava/lang/Object;Ljava/lang/Object;ZZ)Ljava/lang/Object; @ 203
Event: 15.248 Thread 0x000000000332a800 Uncommon trap: reason=unstable_if action=reinterpret pc=0x00000000039c0a30 method=java.util.WeakHashMap.expungeStaleEntries()V @ 9
Event: 15.277 Thread 0x000000000332a800 Uncommon trap: reason=bimorphic action=maybe_recompile pc=0x0000000003a44154 method=java.util.HashMap.putVal(ILjava/lang/Object;Ljava/lang/Object;ZZ)Ljava/lang/Object; @ 203
Event: 15.300 Thread 0x000000000332a800 Uncommon trap: reason=bimorphic action=maybe_recompile pc=0x0000000003a44154 method=java.util.HashMap.putVal(ILjava/lang/Object;Ljava/lang/Object;ZZ)Ljava/lang/Object; @ 203
Event: 15.674 Thread 0x000000000332a800 Uncommon trap: reason=unstable_if action=reinterpret pc=0x0000000003a8663c method=java.net.URI.match(CJJ)Z @ 45
Event: 15.730 Thread 0x000000000332a800 Uncommon trap: reason=bimorphic action=maybe_recompile pc=0x0000000003a44154 method=java.util.HashMap.putVal(ILjava/lang/Object;Ljava/lang/Object;ZZ)Ljava/lang/Object; @ 203

Classes redefined (0 events):
No events

Internal exceptions (10 events):
Event: 14.888 Thread 0x000000000332a800 Exception <a 'java/lang/ClassNotFoundException': org/springframework/beans/factory/config/BeanFactoryPostProcessorCustomizer> (0x00000000d9063ce8) thrown at [C:\re\workspace\8-2-build-windows-amd64-cygwin\jdk8u152\9742\hotspot\src\share\vm\classfile\syste
Event: 14.889 Thread 0x000000000332a800 Exception <a 'java/lang/ClassNotFoundException': org/springframework/core/PriorityOrderedCustomizer> (0x00000000d907fc10) thrown at [C:\re\workspace\8-2-build-windows-amd64-cygwin\jdk8u152\9742\hotspot\src\share\vm\classfile\systemDictionary.cpp, line 210
Event: 14.890 Thread 0x000000000332a800 Exception <a 'java/lang/ClassNotFoundException': org/springframework/core/OrderedCustomizer> (0x00000000d9098138) thrown at [C:\re\workspace\8-2-build-windows-amd64-cygwin\jdk8u152\9742\hotspot\src\share\vm\classfile\systemDictionary.cpp, line 210]
Event: 14.894 Thread 0x000000000332a800 Exception <a 'java/lang/ClassNotFoundException': org/springframework/context/ResourceLoaderAwareCustomizer> (0x00000000d90b6b08) thrown at [C:\re\workspace\8-2-build-windows-amd64-cygwin\jdk8u152\9742\hotspot\src\share\vm\classfile\systemDictionary.cpp, l
Event: 14.895 Thread 0x000000000332a800 Exception <a 'java/lang/ClassNotFoundException': org/springframework/beans/factory/AwareCustomizer> (0x00000000d90d2cb8) thrown at [C:\re\workspace\8-2-build-windows-amd64-cygwin\jdk8u152\9742\hotspot\src\share\vm\classfile\systemDictionary.cpp, line 210]
Event: 14.896 Thread 0x000000000332a800 Exception <a 'java/lang/ClassNotFoundException': org/springframework/beans/factory/BeanClassLoaderAwareCustomizer> (0x00000000d90f3620) thrown at [C:\re\workspace\8-2-build-windows-amd64-cygwin\jdk8u152\9742\hotspot\src\share\vm\classfile\systemDictionary
Event: 14.898 Thread 0x000000000332a800 Exception <a 'java/lang/ClassNotFoundException': org/springframework/beans/factory/AwareCustomizer> (0x00000000d910f890) thrown at [C:\re\workspace\8-2-build-windows-amd64-cygwin\jdk8u152\9742\hotspot\src\share\vm\classfile\systemDictionary.cpp, line 210]
Event: 14.899 Thread 0x000000000332a800 Exception <a 'java/lang/ClassNotFoundException': org/springframework/context/EnvironmentAwareCustomizer> (0x00000000d912c708) thrown at [C:\re\workspace\8-2-build-windows-amd64-cygwin\jdk8u152\9742\hotspot\src\share\vm\classfile\systemDictionary.cpp, line
Event: 14.901 Thread 0x000000000332a800 Exception <a 'java/lang/ClassNotFoundException': org/springframework/beans/factory/AwareCustomizer> (0x00000000d9148868) thrown at [C:\re\workspace\8-2-build-windows-amd64-cygwin\jdk8u152\9742\hotspot\src\share\vm\classfile\systemDictionary.cpp, line 210]
Event: 15.107 Thread 0x000000000332a800 Exception <a 'java/lang/IncompatibleClassChangeError': Found class java.lang.Object, but interface was expected> (0x00000000d9cebb50) thrown at [C:\re\workspace\8-2-build-windows-amd64-cygwin\jdk8u152\9742\hotspot\src\share\vm\interpreter\linkResolver.cpp

Events (10 events):
Event: 15.753 loading class org/springframework/boot/autoconfigure/web/servlet/error/ErrorMvcAutoConfiguration$PreserveErrorControllerTargetClassPostProcessor
Event: 15.753 loading class org/springframework/boot/autoconfigure/web/servlet/error/ErrorMvcAutoConfiguration$PreserveErrorControllerTargetClassPostProcessor done
Event: 15.753 loading class org/springframework/boot/autoconfigure/web/servlet/error/BasicErrorController
Event: 15.753 loading class org/springframework/boot/autoconfigure/web/servlet/error/BasicErrorController done
Event: 15.754 loading class org/springframework/boot/autoconfigure/web/servlet/error/AbstractErrorController
Event: 15.754 loading class org/springframework/boot/autoconfigure/web/servlet/error/AbstractErrorController done
Event: 15.755 loading class org/springframework/boot/autoconfigure/web/servlet/error/ErrorMvcAutoConfiguration$ErrorPageCustomizer
Event: 15.755 loading class org/springframework/boot/autoconfigure/web/servlet/error/ErrorMvcAutoConfiguration$ErrorPageCustomizer done
Event: 15.755 loading class org/springframework/boot/web/server/ErrorPageRegistrar
Event: 15.755 loading class org/springframework/boot/web/server/ErrorPageRegistrar done


Dynamic libraries:
0x00007ff60fa20000 - 0x00007ff60fa57000 	D:\Program Files (x86)\Java\jdk1.8.0_152\jre\bin\java.exe
0x00007ff8136a0000 - 0x00007ff813890000 	C:\WINDOWS\SYSTEM32\ntdll.dll
0x00007ff8118d0000 - 0x00007ff811982000 	C:\WINDOWS\System32\KERNEL32.DLL
0x00007ff810630000 - 0x00007ff8108d4000 	C:\WINDOWS\System32\KERNELBASE.dll
0x00007ff813300000 - 0x00007ff8133a3000 	C:\WINDOWS\System32\ADVAPI32.dll
0x00007ff811790000 - 0x00007ff81182e000 	C:\WINDOWS\System32\msvcrt.dll
0x00007ff811830000 - 0x00007ff8118c7000 	C:\WINDOWS\System32\sechost.dll
0x00007ff812120000 - 0x00007ff812240000 	C:\WINDOWS\System32\RPCRT4.dll
0x00007ff812520000 - 0x00007ff8126b4000 	C:\WINDOWS\System32\USER32.dll
0x00007ff810a80000 - 0x00007ff810aa1000 	C:\WINDOWS\System32\win32u.dll
0x00007ff812440000 - 0x00007ff812466000 	C:\WINDOWS\System32\GDI32.dll
0x00007ff8108e0000 - 0x00007ff810a75000 	C:\WINDOWS\System32\gdi32full.dll
0x00007ff810ab0000 - 0x00007ff810b4e000 	C:\WINDOWS\System32\msvcp_win.dll
0x00007ff810b50000 - 0x00007ff810c4a000 	C:\WINDOWS\System32\ucrtbase.dll
0x00007ffffd7e0000 - 0x00007ffffda64000 	C:\WINDOWS\WinSxS\amd64_microsoft.windows.common-controls_6595b64144ccf1df_6.0.18362.900_none_e6beb9d913147d17\COMCTL32.dll
0x00007ff811a70000 - 0x00007ff811da5000 	C:\WINDOWS\System32\combase.dll
0x00007ff810d00000 - 0x00007ff810d80000 	C:\WINDOWS\System32\bcryptPrimitives.dll
0x00007ff811750000 - 0x00007ff81177e000 	C:\WINDOWS\System32\IMM32.DLL
0x0000000064de0000 - 0x0000000064eb2000 	D:\Program Files (x86)\Java\jdk1.8.0_152\jre\bin\msvcr100.dll
0x0000000062f20000 - 0x00000000637c0000 	D:\Program Files (x86)\Java\jdk1.8.0_152\jre\bin\server\jvm.dll
0x00007ff811780000 - 0x00007ff811788000 	C:\WINDOWS\System32\PSAPI.DLL
0x00007ff801d10000 - 0x00007ff801d1a000 	C:\WINDOWS\SYSTEM32\VERSION.dll
0x00007ff80d7d0000 - 0x00007ff80d7f4000 	C:\WINDOWS\SYSTEM32\WINMM.dll
0x00007ff80cec0000 - 0x00007ff80cec9000 	C:\WINDOWS\SYSTEM32\WSOCK32.dll
0x00007ff812b30000 - 0x00007ff812b9f000 	C:\WINDOWS\System32\WS2_32.dll
0x00007ff80d7a0000 - 0x00007ff80d7cd000 	C:\WINDOWS\SYSTEM32\WINMMBASE.dll
0x00007ff810d80000 - 0x00007ff810dca000 	C:\WINDOWS\System32\cfgmgr32.dll
0x0000000064dd0000 - 0x0000000064ddf000 	D:\Program Files (x86)\Java\jdk1.8.0_152\jre\bin\verify.dll
0x0000000064da0000 - 0x0000000064dc9000 	D:\Program Files (x86)\Java\jdk1.8.0_152\jre\bin\java.dll
0x0000000064d80000 - 0x0000000064d96000 	D:\Program Files (x86)\Java\jdk1.8.0_152\jre\bin\zip.dll
0x00007ff812ba0000 - 0x00007ff813286000 	C:\WINDOWS\System32\SHELL32.dll
0x00007ff812240000 - 0x00007ff8122e9000 	C:\WINDOWS\System32\shcore.dll
0x00007ff810dd0000 - 0x00007ff811550000 	C:\WINDOWS\System32\windows.storage.dll
0x00007ff8105e0000 - 0x00007ff810603000 	C:\WINDOWS\System32\profapi.dll
0x00007ff810590000 - 0x00007ff8105da000 	C:\WINDOWS\System32\powrprof.dll
0x00007ff810560000 - 0x00007ff810570000 	C:\WINDOWS\System32\UMPDC.dll
0x00007ff811db0000 - 0x00007ff811e02000 	C:\WINDOWS\System32\shlwapi.dll
0x00007ff810570000 - 0x00007ff810581000 	C:\WINDOWS\System32\kernel.appcore.dll
0x00007ff811730000 - 0x00007ff811747000 	C:\WINDOWS\System32\cryptsp.dll
0x0000000064d00000 - 0x0000000064d0d000 	D:\Program Files (x86)\Java\jdk1.8.0_152\jre\bin\management.dll
0x0000000064d60000 - 0x0000000064d7a000 	D:\Program Files (x86)\Java\jdk1.8.0_152\jre\bin\net.dll
0x00007ff80fdd0000 - 0x00007ff80fe37000 	C:\WINDOWS\system32\mswsock.dll
0x0000000064d40000 - 0x0000000064d51000 	D:\Program Files (x86)\Java\jdk1.8.0_152\jre\bin\nio.dll
0x00007ff80fae0000 - 0x00007ff80fb1a000 	C:\WINDOWS\SYSTEM32\IPHLPAPI.DLL
0x00007ff811a60000 - 0x00007ff811a68000 	C:\WINDOWS\System32\NSI.dll
0x00007ff805f50000 - 0x00007ff805f66000 	C:\WINDOWS\SYSTEM32\dhcpcsvc6.DLL
0x00007ff8060b0000 - 0x00007ff8060cc000 	C:\WINDOWS\SYSTEM32\dhcpcsvc.DLL
0x00007ff80fb70000 - 0x00007ff80fc3b000 	C:\WINDOWS\SYSTEM32\DNSAPI.dll
0x00007ff801540000 - 0x00007ff80154a000 	C:\Windows\System32\rasadhlp.dll
0x00007ff805d70000 - 0x00007ff805de7000 	C:\WINDOWS\System32\fwpuclnt.dll
0x00007ff811550000 - 0x00007ff811576000 	C:\WINDOWS\System32\bcrypt.dll
0x00007fffffb90000 - 0x00007fffffba6000 	C:\WINDOWS\system32\napinsp.dll
0x00007fffffb70000 - 0x00007fffffb8a000 	C:\WINDOWS\system32\pnrpnsp.dll
0x00007fffffb60000 - 0x00007fffffb6e000 	C:\WINDOWS\System32\winrnr.dll
0x00007ff80cc70000 - 0x00007ff80cc8c000 	C:\WINDOWS\system32\NLAapi.dll
0x00007ff8099b0000 - 0x00007ff8099c5000 	C:\WINDOWS\system32\wshbth.dll

VM Arguments:
java_command: org.apache.maven.surefire.booter.ForkedBooter C:\Users\mathartsys\AppData\Local\Temp\surefire15142750776532027 2020-06-20T13-19-41_398-jvmRun1 surefire4422065148570789134tmp surefire_04075669218344241844tmp
java_class_path (initial): D:\Program Files (x86)\Java\repository\org\apache\maven\surefire\surefire-booter\2.22.2\surefire-booter-2.22.2.jar;D:\Program Files (x86)\Java\repository\org\apache\maven\surefire\surefire-api\2.22.2\surefire-api-2.22.2.jar;D:\Program Files (x86)\Java\repository\org\apache\maven\surefire\surefire-logger-api\2.22.2\surefire-logger-api-2.22.2.jar;D:\workspace\springcloud-case\springbootfeign\target\test-classes;D:\workspace\springcloud-case\springbootfeign\target\classes;D:\Program Files (x86)\Java\repository\org\springframework\cloud\spring-cloud-starter-openfeign\2.2.3.RELEASE\spring-cloud-starter-openfeign-2.2.3.RELEASE.jar;D:\Program Files (x86)\Java\repository\org\springframework\cloud\spring-cloud-starter\2.2.3.RELEASE\spring-cloud-starter-2.2.3.RELEASE.jar;D:\Program Files (x86)\Java\repository\org\springframework\cloud\spring-cloud-context\2.2.3.RELEASE\spring-cloud-context-2.2.3.RELEASE.jar;D:\Program Files (x86)\Java\repository\org\springframework\security\spring-security-rsa\1.0.9.RELEASE\spring-security-rsa-1.0.9.RELEASE.jar;D:\Program Files (x86)\Java\repository\org\bouncycastle\bcpkix-jdk15on\1.64\bcpkix-jdk15on-1.64.jar;D:\Program Files (x86)\Java\repository\org\bouncycastle\bcprov-jdk15on\1.64\bcprov-jdk15on-1.64.jar;D:\Program Files (x86)\Java\repository\org\springframework\cloud\spring-cloud-openfeign-core\2.2.3.RELEASE\spring-cloud-openfeign-core-2.2.3.RELEASE.jar;D:\Program Files (x86)\Java\repository\org\springframework\boot\spring-boot-autoconfigure\2.3.1.RELEASE\spring-boot-autoconfigure-2.3.1.RELEASE.jar;D:\Program Files (x86)\Java\repository\org\springframework\boot\spring-boot-starter-aop\2.3.1.RELEASE\spring-boot-starter-aop-2.3.1.RELEASE.jar;D:\Program Files (x86)\Java\repository\io\github\openfeign\form\feign-form-spring\3.8.0\feign-form-spring-3.8.0.jar;D:\Program Files (x86)\Java\repository\io\github\openfeign\form\feign-form\3.8.0\feign-form-3.8.0.jar;D:\Program Files (x86)\Java\repository\commons-fileupload
Launcher Type: SUN_STANDARD

Environment Variables:
JAVA_HOME=D:\Program Files (x86)\Java\jdk1.8.0_152
PATH=D:\Program Files\Python;D:\Program Files\Python\Scripts;C:\WINDOWS\system32;C:\WINDOWS;C:\WINDOWS\System32\Wbem;C:\WINDOWS\System32\WindowsPowerShell\v1.0\;D:\Program Files (x86)\Java\jdk1.8.0_152\bin;D:\Program Files (x86)\Java\jdk1.8.0_152\jre\bin;D:\Program Files (x86)\apache-maven-3.2.1\bin;d:\Program Files\Git\cmd;C:\WINDOWS\System32\OpenSSH\;C:\Program Files\MySQL\MySQL Utilities 1.6\;D:\Program Files\Redis\;D:\Program Files\nodejs\;D:\Program Files\nodejs\node_global\;D:\Program Files\MinGW\bin;D:\Program Files\CMake\bin;D:\Program Files\Cbc\bin;C:\Users\mathartsys\AppData\Local\Microsoft\WindowsApps;C:\Users\mathartsys\AppData\Roaming\npm
USERNAME=mathartsys
OS=Windows_NT
PROCESSOR_IDENTIFIER=Intel64 Family 6 Model 69 Stepping 1, GenuineIntel



---------------  S Y S T E M  ---------------

OS: Windows 10.0 , 64 bit Build 18362 (10.0.18362.900)

CPU:total 4 (initial active 4) (2 cores per cpu, 2 threads per core) family 6 model 69 stepping 1, cmov, cx8, fxsr, mmx, sse, sse2, sse3, ssse3, sse4.1, sse4.2, popcnt, avx, avx2, aes, clmul, erms, lzcnt, ht, tsc, tscinvbit, bmi1, bmi2

Memory: 4k page, physical 8122608k(591056k free), swap 15346668k(5616k free)

vm_info: Java HotSpot(TM) 64-Bit Server VM (25.152-b16) for windows-amd64 JRE (1.8.0_152-b16), built on Sep 14 2017 02:29:36 by "java_re" with MS VC++ 10.0 (VS2010)

time: Sat Jun 20 13:20:00 2020
elapsed time: 15 seconds (0d 0h 0m 15s)

